<?xml version="1.0" encoding="UTF-8"?>
<testsuite name="takehome.CharacterSplitterTest" tests="2" skipped="0" failures="0" errors="0" timestamp="2019-04-18T13:44:00" hostname="Syber" time="0.006">
  <properties/>
  <testcase name="test_split_pieces" classname="takehome.CharacterSplitterTest" time="0.003"/>
  <testcase name="test_split_characters" classname="takehome.CharacterSplitterTest" time="0.003"/>
  <system-out><![CDATA[]]></system-out>
  <system-err><![CDATA[]]></system-err>
</testsuite>
